/*C3*/SET SCHEMA PUBLIC
DISCONNECT
/*C4*/SET SCHEMA PUBLIC
ROLLBACK
INSERT INTO APPLICATIONS VALUES('1','Brukeradmin','Brukeradmin','9999')
COMMIT
INSERT INTO APPLICATIONS VALUES('23','Giftit','GiftitTilgang','9999')
COMMIT
INSERT INTO APPLICATIONS VALUES('201','Styrerommet','StyrerommetTilgang','9999')
COMMIT
INSERT INTO APPLICATIONS VALUES('101','Invoice','InvoiceBruker','9999')
COMMIT
INSERT INTO APPLICATIONS VALUES('50','FREECODE Personkunde','Kunde','9999')
COMMIT
INSERT INTO ORGANIZATION VALUES('0035','Yenka')
COMMIT
INSERT INTO ORGANIZATION VALUES('0000','None')
COMMIT
INSERT INTO USERROLES VALUES(18,'326dfe89-4602-4c7f-9996-04342a62ff1f','23','0001','Admin','2012 - 2013')
COMMIT
INSERT INTO USERROLES VALUES(19,'bc7e1edd-2494-42c6-8267-6c0f8950b320','23','0001','Test','2009 - 2011')
COMMIT
INSERT INTO USERROLES VALUES(20,'ff1d3e3a-c1cf-4f0f-899a-f88eaefe3647','23','0001','Dev','2012 - 2013')
COMMIT
INSERT INTO USERROLES VALUES(21,'8a750a31-0932-41cb-b866-2e9d83785ac6','23','0001','Dev','2012 - 2013')
COMMIT
INSERT INTO USERROLES VALUES(22,'badm','1','9999','Brukeradmin',NULL)
COMMIT
/*C5*/SET SCHEMA PUBLIC
DISCONNECT
/*C4*/DISCONNECT
